# JRE version: OpenJDK Runtime Environment (21.0.5) (build 21.0.5+-12932927-b750.29)
# Java VM: OpenJDK 64-Bit Server VM (21.0.5+-12932927-b750.29, mixed mode, tiered, compressed oops, compressed class ptrs, g1 gc, windows-amd64)
GC Precious Log:
 CardTable entry size: 512
 Card Set container configuration: InlinePtr #cards 5 size 8 Array Of Cards #cards 12 size 40 Howl #buckets 4 coarsen threshold 1843 Howl Bitmap #cards 512 size 80 coarsen threshold 460 Card regions per heap region 1 cards per card region 2048
 CPUs: 8 total, 8 available
 Memory: 8005M
 Large Page Support: Disabled
 NUMA Support: Disabled
 Compressed Oops: Enabled (32-bit)
 Heap Region Size: 1M
 Heap Min Capacity: 8M
 Heap Initial Capacity: 126M
 Heap Max Capacity: 2G
 Pre-touch: Disabled
 Parallel Workers: 8
 Concurrent Workers: 2
 Concurrent Refinement Workers: 8
 Periodic GC: Disabled
Heap:
 garbage-first heap   total 257024K, used 196118K [0x0000000080000000, 0x0000000100000000)
  region size 1024K, 26 young (26624K), 4 survivors (4096K)
 Metaspace       used 142141K, committed 144640K, reserved 1179648K
  class space    used 18257K, committed 19520K, reserved 1048576K
GC Heap History (20 events):
Event: 64.131 GC heap before
{Heap before GC invocations=31 (full 0):
 garbage-first heap   total 143360K, used 129058K [0x0000000080000000, 0x0000000100000000)
  region size 1024K, 47 young (48128K), 5 survivors (5120K)
 Metaspace       used 83566K, committed 85376K, reserved 1179648K
  class space    used 11639K, committed 12544K, reserved 1048576K
}
Event: 64.157 GC heap after
{Heap after GC invocations=32 (full 0):
 garbage-first heap   total 143360K, used 88630K [0x0000000080000000, 0x0000000100000000)
  region size 1024K, 2 young (2048K), 2 survivors (2048K)
 Metaspace       used 83566K, committed 85376K, reserved 1179648K
  class space    used 11639K, committed 12544K, reserved 1048576K
}
Event: 69.592 GC heap before
{Heap before GC invocations=33 (full 0):
 garbage-first heap   total 150528K, used 138806K [0x0000000080000000, 0x0000000100000000)
  region size 1024K, 44 young (45056K), 2 survivors (2048K)
 Metaspace       used 88343K, committed 90304K, reserved 1179648K
  class space    used 12245K, committed 13184K, reserved 1048576K
}
Event: 69.613 GC heap after
{Heap after GC invocations=34 (full 0):
 garbage-first heap   total 234496K, used 100447K [0x0000000080000000, 0x0000000100000000)
  region size 1024K, 6 young (6144K), 6 survivors (6144K)
 Metaspace       used 88343K, committed 90304K, reserved 1179648K
  class space    used 12245K, committed 13184K, reserved 1048576K
}
Event: 73.436 GC heap before
{Heap before GC invocations=34 (full 0):
 garbage-first heap   total 234496K, used 222303K [0x0000000080000000, 0x0000000100000000)
  region size 1024K, 116 young (118784K), 6 survivors (6144K)
 Metaspace       used 92391K, committed 94336K, reserved 1179648K
  class space    used 12685K, committed 13632K, reserved 1048576K
}
Event: 73.490 GC heap after
{Heap after GC invocations=35 (full 0):
 garbage-first heap   total 256000K, used 117923K [0x0000000080000000, 0x0000000100000000)
  region size 1024K, 15 young (15360K), 15 survivors (15360K)
 Metaspace       used 92391K, committed 94336K, reserved 1179648K
  class space    used 12685K, committed 13632K, reserved 1048576K
}
Event: 73.609 GC heap before
{Heap before GC invocations=35 (full 0):
 garbage-first heap   total 256000K, used 120995K [0x0000000080000000, 0x0000000100000000)
  region size 1024K, 19 young (19456K), 15 survivors (15360K)
 Metaspace       used 92835K, committed 94720K, reserved 1179648K
  class space    used 12743K, committed 13632K, reserved 1048576K
}
Event: 73.668 GC heap after
{Heap after GC invocations=36 (full 0):
 garbage-first heap   total 256000K, used 121660K [0x0000000080000000, 0x0000000100000000)
  region size 1024K, 2 young (2048K), 2 survivors (2048K)
 Metaspace       used 92835K, committed 94720K, reserved 1179648K
  class space    used 12743K, committed 13632K, reserved 1048576K
}
Event: 82.687 GC heap before
{Heap before GC invocations=37 (full 0):
 garbage-first heap   total 256000K, used 230204K [0x0000000080000000, 0x0000000100000000)
  region size 1024K, 92 young (94208K), 2 survivors (2048K)
 Metaspace       used 101878K, committed 104064K, reserved 1179648K
  class space    used 13711K, committed 14784K, reserved 1048576K
}
Event: 82.721 GC heap after
{Heap after GC invocations=38 (full 0):
 garbage-first heap   total 256000K, used 143045K [0x0000000080000000, 0x0000000100000000)
  region size 1024K, 9 young (9216K), 9 survivors (9216K)
 Metaspace       used 101878K, committed 104064K, reserved 1179648K
  class space    used 13711K, committed 14784K, reserved 1048576K
}
Event: 88.260 GC heap before
{Heap before GC invocations=38 (full 0):
 garbage-first heap   total 256000K, used 228037K [0x0000000080000000, 0x0000000100000000)
  region size 1024K, 91 young (93184K), 9 survivors (9216K)
 Metaspace       used 110786K, committed 113024K, reserved 1179648K
  class space    used 14785K, committed 15936K, reserved 1048576K
}
Event: 88.314 GC heap after
{Heap after GC invocations=39 (full 0):
 garbage-first heap   total 256000K, used 147239K [0x0000000080000000, 0x0000000100000000)
  region size 1024K, 5 young (5120K), 5 survivors (5120K)
 Metaspace       used 110786K, committed 113024K, reserved 1179648K
  class space    used 14785K, committed 15936K, reserved 1048576K
}
Event: 94.759 GC heap before
{Heap before GC invocations=39 (full 0):
 garbage-first heap   total 256000K, used 231207K [0x0000000080000000, 0x0000000100000000)
  region size 1024K, 87 young (89088K), 5 survivors (5120K)
 Metaspace       used 117584K, committed 119872K, reserved 1179648K
  class space    used 15463K, committed 16640K, reserved 1048576K
}
Event: 94.883 GC heap after
{Heap after GC invocations=40 (full 0):
 garbage-first heap   total 256000K, used 152598K [0x0000000080000000, 0x0000000100000000)
  region size 1024K, 11 young (11264K), 11 survivors (11264K)
 Metaspace       used 117584K, committed 119872K, reserved 1179648K
  class space    used 15463K, committed 16640K, reserved 1048576K
}
Event: 101.320 GC heap before
{Heap before GC invocations=41 (full 0):
 garbage-first heap   total 256000K, used 230422K [0x0000000080000000, 0x0000000100000000)
  region size 1024K, 87 young (89088K), 11 survivors (11264K)
 Metaspace       used 129505K, committed 131776K, reserved 1179648K
  class space    used 16718K, committed 17856K, reserved 1048576K
}
Event: 101.399 GC heap after
{Heap after GC invocations=42 (full 0):
 garbage-first heap   total 256000K, used 155394K [0x0000000080000000, 0x0000000100000000)
  region size 1024K, 9 young (9216K), 9 survivors (9216K)
 Metaspace       used 129505K, committed 131776K, reserved 1179648K
  class space    used 16718K, committed 17856K, reserved 1048576K
}
Event: 110.224 GC heap before
{Heap before GC invocations=42 (full 0):
 garbage-first heap   total 256000K, used 238338K [0x0000000080000000, 0x0000000100000000)
  region size 1024K, 84 young (86016K), 9 survivors (9216K)
 Metaspace       used 136504K, committed 138752K, reserved 1179648K
  class space    used 17464K, committed 18624K, reserved 1048576K
}
Event: 110.280 GC heap after
{Heap after GC invocations=43 (full 0):
 garbage-first heap   total 257024K, used 166563K [0x0000000080000000, 0x0000000100000000)
  region size 1024K, 9 young (9216K), 9 survivors (9216K)
 Metaspace       used 136504K, committed 138752K, reserved 1179648K
  class space    used 17464K, committed 18624K, reserved 1048576K
}
Event: 120.400 GC heap before
{Heap before GC invocations=43 (full 0):
 garbage-first heap   total 257024K, used 206499K [0x0000000080000000, 0x0000000100000000)
  region size 1024K, 49 young (50176K), 9 survivors (9216K)
 Metaspace       used 141322K, committed 143744K, reserved 1179648K
  class space    used 18134K, committed 19392K, reserved 1048576K
}
Event: 120.436 GC heap after
{Heap after GC invocations=44 (full 0):
 garbage-first heap   total 257024K, used 169494K [0x0000000080000000, 0x0000000100000000)
  region size 1024K, 4 young (4096K), 4 survivors (4096K)
 Metaspace       used 141322K, committed 143744K, reserved 1179648K
  class space    used 18134K, committed 19392K, reserved 1048576K
}

